0 info it worked if it ends with ok
1 verbose cli [ '/usr/local/bin/node',
1 verbose cli   '/usr/local/bin/npm',
1 verbose cli   'install',
1 verbose cli   '--save-dev',
1 verbose cli   'grunt-{tpush}' ]
2 info using npm@2.14.12
3 info using node@v4.3.1
4 verbose install initial load of /Users/jbakse/Desktop/major_studio_1/package.json
5 warn package.json class_notes@1.0.0 No repository field.
6 warn package.json class_notes@1.0.0 license should be a valid SPDX license expression
7 verbose installManyTop reading scoped package data from /Users/jbakse/Desktop/major_studio_1/node_modules/browser-sync/package.json
8 verbose installManyTop reading scoped package data from /Users/jbakse/Desktop/major_studio_1/node_modules/del/package.json
9 verbose installManyTop reading scoped package data from /Users/jbakse/Desktop/major_studio_1/node_modules/gulp/package.json
10 verbose installManyTop reading scoped package data from /Users/jbakse/Desktop/major_studio_1/node_modules/gulp-changed/package.json
11 verbose installManyTop reading scoped package data from /Users/jbakse/Desktop/major_studio_1/node_modules/gulp-front-matter/package.json
12 verbose installManyTop reading scoped package data from /Users/jbakse/Desktop/major_studio_1/node_modules/gulp-gh-pages/package.json
13 verbose installManyTop reading scoped package data from /Users/jbakse/Desktop/major_studio_1/node_modules/gulp-notify/package.json
14 verbose installManyTop reading scoped package data from /Users/jbakse/Desktop/major_studio_1/node_modules/gulp-remarkable/package.json
15 verbose installManyTop reading scoped package data from /Users/jbakse/Desktop/major_studio_1/node_modules/gulp-sequence/package.json
16 verbose installManyTop reading scoped package data from /Users/jbakse/Desktop/major_studio_1/node_modules/gulp-watch/package.json
17 verbose installManyTop reading scoped package data from /Users/jbakse/Desktop/major_studio_1/node_modules/gulp-wrap/package.json
18 verbose installManyTop reading scoped package data from /Users/jbakse/Desktop/major_studio_1/node_modules/open/package.json
19 verbose installManyTop reading scoped package data from /Users/jbakse/Desktop/major_studio_1/node_modules/require-dir/package.json
20 info package.json gulp-sequence@0.4.5 No license field.
21 info package.json gulp-notify@2.2.0 No license field.
22 info package.json gulp-remarkable@1.1.2 No license field.
23 info package.json gulp-wrap@0.11.0 No license field.
24 verbose readDependencies loading dependencies from /Users/jbakse/Desktop/major_studio_1/package.json
25 silly cache add args [ 'grunt-{tpush}', null ]
26 verbose cache add spec grunt-{tpush}
27 silly cache add parsed spec Result {
27 silly cache add   raw: 'grunt-{tpush}',
27 silly cache add   scope: null,
27 silly cache add   name: null,
27 silly cache add   rawSpec: 'grunt-{tpush}',
27 silly cache add   spec: '/Users/jbakse/Desktop/major_studio_1/grunt-{tpush}',
27 silly cache add   type: 'local' }
28 error addLocal Could not install /Users/jbakse/Desktop/major_studio_1/grunt-{tpush}
29 verbose stack Error: ENOENT: no such file or directory, open '/Users/jbakse/Desktop/major_studio_1/grunt-{tpush}'
29 verbose stack     at Error (native)
30 verbose cwd /Users/jbakse/Desktop/major_studio_1
31 error Darwin 14.5.0
32 error argv "/usr/local/bin/node" "/usr/local/bin/npm" "install" "--save-dev" "grunt-{tpush}"
33 error node v4.3.1
34 error npm  v2.14.12
35 error path /Users/jbakse/Desktop/major_studio_1/grunt-{tpush}
36 error code ENOENT
37 error errno -2
38 error syscall open
39 error enoent ENOENT: no such file or directory, open '/Users/jbakse/Desktop/major_studio_1/grunt-{tpush}'
39 error enoent This is most likely not a problem with npm itself
39 error enoent and is related to npm not being able to find a file.
40 verbose exit [ -2, true ]
